<?xml version="1.0" encoding="UTF-8"?>
<testsuite xmlns:xsi="http://www.w3.org/2001/XMLSchema-instance" xsi:noNamespaceSchemaLocation="https://maven.apache.org/surefire/maven-surefire-plugin/xsd/surefire-test-report-3.0.xsd" version="3.0" name="com.api.automation.postrequest.fileUpload.TestPostUploadFile" time="0.261" tests="1" errors="0" skipped="0" failures="0">
  <properties>
[...]
</properties>
  <testcase name="[2:16] To upload the in the test application with json data" classname="com/api/automation/postrequest/fileUpload/fileUpload" time="0.254">
    <system-out><![CDATA[---------------------------------------------------------
feature: classpath:com/api/automation/postrequest/fileUpload/fileUpload.feature
scenarios:  1 | passed:  1 | failed:  0 | time: 0.1927
---------------------------------------------------------

Karate version: 1.4.1
======================================================
elapsed:   0.23 | threads:    1 | thread time: 0.19 
features:     1 | skipped:    0 | efficiency: 0.82
scenarios:    1 | passed:     1 | failed: 0
======================================================

HTML report: (paste into browser to view) | Karate version: 1.4.1
file:///C:/Users/SathiavathyVeeriah/eclipse-workspace/karateproject/target/karate-reports/karate-summary.html
===================================================================

]]></system-out>
  </testcase>
</testsuite>